\BOOKMARK [1][-]{section.1}{\376\377\000I\000n\000t\000r\000o\000d\000u\000c\000t\000i\000o\000n}{}% 1
\BOOKMARK [1][-]{section.2}{\376\377\000B\000a\000c\000k\000g\000r\000o\000u\000n\000d\000\040\000a\000n\000d\000\040\000R\000e\000l\000a\000t\000e\000d\000\040\000W\000o\000r\000k}{}% 2
\BOOKMARK [2][-]{subsection.2.1}{\376\377\000M\000u\000l\000t\000i\000m\000o\000d\000a\000l\000\040\000F\000o\000u\000n\000d\000a\000t\000i\000o\000n\000\040\000M\000o\000d\000e\000l\000s}{section.2}% 3
\BOOKMARK [2][-]{subsection.2.2}{\376\377\000S\000h\000a\000r\000e\000d\000\040\000L\000a\000t\000e\000n\000t\000\040\000S\000p\000a\000c\000e\000\040\000M\000o\000d\000e\000l\000l\000i\000n\000g}{section.2}% 4
\BOOKMARK [2][-]{subsection.2.3}{\376\377\000E\000m\000b\000o\000d\000i\000e\000d\000\040\000A\000I\000\040\000a\000n\000d\000\040\000V\000i\000s\000i\000o\000n\000-\000L\000a\000n\000g\000u\000a\000g\000e\000-\000A\000c\000t\000i\000o\000n\000\040\000M\000o\000d\000e\000l\000s}{section.2}% 5
\BOOKMARK [2][-]{subsection.2.4}{\376\377\000G\000e\000n\000e\000r\000a\000l\000i\000s\000t\000\040\000A\000g\000e\000n\000t\000s}{section.2}% 6
\BOOKMARK [2][-]{subsection.2.5}{\376\377\000T\000h\000e\000\040\000M\000o\000d\000a\000l\000i\000t\000y\000\040\000G\000a\000p}{section.2}% 7
\BOOKMARK [1][-]{section.3}{\376\377\000T\000h\000e\000\040\000V\000A\000T\000S\000A\000\040\000A\000r\000c\000h\000i\000t\000e\000c\000t\000u\000r\000e}{}% 8
\BOOKMARK [2][-]{subsection.3.1}{\376\377\000P\000r\000i\000n\000c\000i\000p\000l\000e\000\040\0001\000:\000\040\000S\000h\000a\000r\000e\000d\000\040\000L\000a\000t\000e\000n\000t\000\040\000S\000p\000a\000c\000e}{section.3}% 9
\BOOKMARK [2][-]{subsection.3.2}{\376\377\000P\000r\000i\000n\000c\000i\000p\000l\000e\000\040\0002\000:\000\040\000C\000r\000o\000s\000s\000-\000M\000o\000d\000a\000l\000\040\000A\000t\000t\000e\000n\000t\000i\000o\000n}{section.3}% 10
\BOOKMARK [2][-]{subsection.3.3}{\376\377\000P\000r\000i\000n\000c\000i\000p\000l\000e\000\040\0003\000:\000\040\000T\000e\000m\000p\000o\000r\000a\000l\000\040\000C\000o\000h\000e\000r\000e\000n\000c\000e}{section.3}% 11
\BOOKMARK [2][-]{subsection.3.4}{\376\377\000P\000r\000i\000n\000c\000i\000p\000l\000e\000\040\0004\000:\000\040\000C\000l\000o\000s\000e\000d\000-\000L\000o\000o\000p\000\040\000A\000c\000t\000i\000o\000n}{section.3}% 12
\BOOKMARK [1][-]{section.4}{\376\377\000T\000a\000r\000g\000e\000t\000\040\000A\000p\000p\000l\000i\000c\000a\000t\000i\000o\000n\000s}{}% 13
\BOOKMARK [2][-]{subsection.4.1}{\376\377\000H\000e\000a\000l\000t\000h\000c\000a\000r\000e\000\040\000a\000n\000d\000\040\000C\000l\000i\000n\000i\000c\000a\000l\000\040\000I\000n\000t\000e\000l\000l\000i\000g\000e\000n\000c\000e}{section.4}% 14
\BOOKMARK [2][-]{subsection.4.2}{\376\377\000P\000h\000a\000r\000m\000a\000c\000e\000u\000t\000i\000c\000a\000l\000\040\000a\000n\000d\000\040\000G\000x\000P\000-\000R\000e\000g\000u\000l\000a\000t\000e\000d\000\040\000E\000n\000v\000i\000r\000o\000n\000m\000e\000n\000t\000s}{section.4}% 15
\BOOKMARK [2][-]{subsection.4.3}{\376\377\000A\000u\000t\000o\000n\000o\000m\000o\000u\000s\000\040\000S\000y\000s\000t\000e\000m\000s\000\040\000a\000n\000d\000\040\000R\000o\000b\000o\000t\000i\000c\000s}{section.4}% 16
\BOOKMARK [2][-]{subsection.4.4}{\376\377\000A\000d\000a\000p\000t\000i\000v\000e\000\040\000E\000d\000u\000c\000a\000t\000i\000o\000n}{section.4}% 17
\BOOKMARK [1][-]{section.5}{\376\377\000O\000p\000e\000n\000\040\000R\000e\000s\000e\000a\000r\000c\000h\000\040\000Q\000u\000e\000s\000t\000i\000o\000n\000s}{}% 18
\BOOKMARK [1][-]{section.6}{\376\377\000I\000m\000p\000l\000e\000m\000e\000n\000t\000a\000t\000i\000o\000n\000\040\000R\000o\000a\000d\000m\000a\000p}{}% 19
\BOOKMARK [1][-]{section.7}{\376\377\000L\000i\000m\000i\000t\000a\000t\000i\000o\000n\000s}{}% 20
\BOOKMARK [1][-]{section.8}{\376\377\000C\000o\000n\000c\000l\000u\000s\000i\000o\000n}{}% 21
